android/app/build/intermediates/manifest_merge_blame_file/release/manifest-merger-blame-release-report.txt
1<?xml version="1.0" encoding="utf-8"?>
2<manifest xmlns:android="http://schemas.android.com/apk/res/android"
3    package="com.example.app"
4    android:versionCode="1"
5    android:versionName="1.0.0" >
6
7    <uses-sdk
8        android:minSdkVersion="24"
8-->src\main\AndroidManifest.xml
9        android:targetSdkVersion="34" />
9-->src\main\AndroidManifest.xml
10
11    <uses-permission android:name="android.permission.INTERNET" />
11-->src\main\AndroidManifest.xml:4:5-67
11-->src\main\AndroidManifest.xml:4:22-64
12    <uses-permission android:name="android.permission.ACCESS_NETWORK_STATE" />
12-->src\main\AndroidManifest.xml:5:5-79
12-->src\main\AndroidManifest.xml:5:22-76
13
14    <queries>
14-->src\main\AndroidManifest.xml:37:5-42:15
15        <intent>
15-->src\main\AndroidManifest.xml:38:9-41:18
16            <action android:name="android.intent.action.PROCESS_TEXT" />
16-->src\main\AndroidManifest.xml:39:13-73
16-->src\main\AndroidManifest.xml:39:21-70
17
18            <data android:mimeType="text/plain" />
18-->src\main\AndroidManifest.xml:40:13-51
18-->src\main\AndroidManifest.xml:40:19-48
19        </intent>
20    </queries>
21
22    <uses-permission android:name="android.permission.FOREGROUND_SERVICE" />
22-->[:background_service] AndroidManifest.xml:9:5-77
22-->[:background_service] AndroidManifest.xml:9:22-74
23    <uses-permission android:name="android.permission.RECEIVE_BOOT_COMPLETED" />
23-->[:background_service] AndroidManifest.xml:10:5-81
23-->[:background_service] AndroidManifest.xml:10:22-78
24    <uses-permission android:name="android.permission.BLUETOOTH" />
24-->[:background_service] AndroidManifest.xml:11:5-68
24-->[:background_service] AndroidManifest.xml:11:22-65
25    <uses-permission android:name="android.permission.BLUETOOTH_ADMIN" />
25-->[:background_service] AndroidManifest.xml:12:5-74
25-->[:background_service] AndroidManifest.xml:12:22-71
26    <uses-permission android:name="android.permission.BLUETOOTH_CONNECT" />
26-->[:background_service] AndroidManifest.xml:13:5-76
26-->[:background_service] AndroidManifest.xml:13:22-73
27    <uses-permission android:name="android.permission.BLUETOOTH_SCAN" />
27-->[:background_service] AndroidManifest.xml:14:5-73
27-->[:background_service] AndroidManifest.xml:14:22-70
28    <uses-permission android:name="android.permission.BLUETOOTH_ADVERTISE" />
28-->[:background_service] AndroidManifest.xml:15:5-78
28-->[:background_service] AndroidManifest.xml:15:22-75
29    <uses-permission android:name="android.permission.ACCESS_FINE_LOCATION" />
29-->[:background_service] AndroidManifest.xml:16:5-79
29-->[:background_service] AndroidManifest.xml:16:22-76
30    <uses-permission android:name="android.permission.ACCESS_COARSE_LOCATION" />
30-->[:background_service] AndroidManifest.xml:17:5-81
30-->[:background_service] AndroidManifest.xml:17:22-78
31    <uses-permission android:name="android.permission.ACCESS_BACKGROUND_LOCATION" />
31-->[:background_service] AndroidManifest.xml:18:5-85
31-->[:background_service] AndroidManifest.xml:18:22-82
32    <uses-permission android:name="com.google.android.gms.permission.ACTIVITY_RECOGNITION" />
32-->[:background_service] AndroidManifest.xml:19:5-94
32-->[:background_service] AndroidManifest.xml:19:22-91
33    <uses-permission android:name="android.permission.ACTIVITY_RECOGNITION" />
33-->[:background_service] AndroidManifest.xml:20:5-79
33-->[:background_service] AndroidManifest.xml:20:22-76
34    <uses-permission android:name="android.permission.WAKE_LOCK" />
34-->[androidx.work:work-runtime:2.8.1] AndroidManifest.xml:23:5-68
34-->[androidx.work:work-runtime:2.8.1] AndroidManifest.xml:23:22-65
35
36    <permission
36-->[androidx.core:core:1.13.1] AndroidManifest.xml:22:5-24:47
37        android:name="com.example.app.DYNAMIC_RECEIVER_NOT_EXPORTED_PERMISSION"
37-->[androidx.core:core:1.13.1] AndroidManifest.xml:23:9-81
38        android:protectionLevel="signature" />
38-->[androidx.core:core:1.13.1] AndroidManifest.xml:24:9-44
39
40    <uses-permission android:name="com.example.app.DYNAMIC_RECEIVER_NOT_EXPORTED_PERMISSION" />
40-->[androidx.core:core:1.13.1] AndroidManifest.xml:26:5-97
40-->[androidx.core:core:1.13.1] AndroidManifest.xml:26:22-94
41
42    <uses-permission-sdk-23 android:name="android.permission.ACCESS_COARSE_LOCATION" />
42-->[com.github.Polidea:MultiPlatformBleAdapter:0.1.9] AndroidManifest.xml:14:5-88
42-->[com.github.Polidea:MultiPlatformBleAdapter:0.1.9] AndroidManifest.xml:14:29-85
43    <uses-permission-sdk-23 android:name="android.permission.ACCESS_FINE_LOCATION" />
43-->[com.polidea.rxandroidble:rxandroidble:1.7.1] AndroidManifest.xml:15:5-86
43-->[com.polidea.rxandroidble:rxandroidble:1.7.1] AndroidManifest.xml:15:29-83
44
45    <application
46        android:name="android.app.Application"
46-->src\main\AndroidManifest.xml:9:9-42
47        android:appComponentFactory="androidx.core.app.CoreComponentFactory"
47-->[androidx.core:core:1.13.1] AndroidManifest.xml:28:18-86
48        android:extractNativeLibs="false"
49        android:icon="@mipmap/ic_launcher"
49-->src\main\AndroidManifest.xml:10:9-43
50        android:label="app"
50-->src\main\AndroidManifest.xml:8:9-28
51        android:networkSecurityConfig="@xml/network_security_config" >
51-->src\main\AndroidManifest.xml:11:9-69
52        <activity
52-->src\main\AndroidManifest.xml:13:9-30:20
53            android:name="com.example.app.MainActivity"
53-->src\main\AndroidManifest.xml:14:13-41
54            android:configChanges="orientation|keyboardHidden|keyboard|screenSize|smallestScreenSize|locale|layoutDirection|fontScale|screenLayout|density|uiMode"
54-->src\main\AndroidManifest.xml:18:13-163
55            android:exported="true"
55-->src\main\AndroidManifest.xml:15:13-36
56            android:hardwareAccelerated="true"
56-->src\main\AndroidManifest.xml:19:13-47
57            android:launchMode="singleTop"
57-->src\main\AndroidManifest.xml:16:13-43
58            android:theme="@style/LaunchTheme"
58-->src\main\AndroidManifest.xml:17:13-47
59            android:windowSoftInputMode="adjustResize" >
59-->src\main\AndroidManifest.xml:20:13-55
60            <meta-data
60-->src\main\AndroidManifest.xml:22:13-24:57
61                android:name="io.flutter.embedding.android.NormalTheme"
61-->src\main\AndroidManifest.xml:23:17-72
62                android:resource="@style/NormalTheme" />
62-->src\main\AndroidManifest.xml:24:17-54
63
64            <intent-filter>
64-->src\main\AndroidManifest.xml:26:13-29:29
65                <action android:name="android.intent.action.MAIN" />
65-->src\main\AndroidManifest.xml:27:17-69
65-->src\main\AndroidManifest.xml:27:25-66
66
67                <category android:name="android.intent.category.LAUNCHER" />
67-->src\main\AndroidManifest.xml:28:17-77
67-->src\main\AndroidManifest.xml:28:27-74
68            </intent-filter>
69        </activity>
70
71        <meta-data
71-->src\main\AndroidManifest.xml:32:9-34:33
72            android:name="flutterEmbedding"
72-->src\main\AndroidManifest.xml:33:13-44
73            android:value="2" />
73-->src\main\AndroidManifest.xml:34:13-30
74
75        <service android:name="id.flutter.background_service.BackgroundService" />
75-->[:background_service] AndroidManifest.xml:23:9-83
75-->[:background_service] AndroidManifest.xml:23:18-80
76
77        <receiver
77-->[:background_service] AndroidManifest.xml:25:9-31:20
78            android:name="id.flutter.background_service.BootReceiver"
78-->[:background_service] AndroidManifest.xml:26:13-70
79            android:exported="false" >
79-->[:background_service] AndroidManifest.xml:27:13-37
80            <intent-filter>
80-->[:background_service] AndroidManifest.xml:28:13-30:29
81                <action android:name="android.intent.action.BOOT_COMPLETED" />
81-->[:background_service] AndroidManifest.xml:29:17-79
81-->[:background_service] AndroidManifest.xml:29:25-76
82            </intent-filter>
83        </receiver>
84
85        <provider
85-->[:image_picker_android] AndroidManifest.xml:11:9-19:20
86            android:name="io.flutter.plugins.imagepicker.ImagePickerFileProvider"
86-->[:image_picker_android] AndroidManifest.xml:12:13-82
87            android:authorities="com.example.app.flutter.image_provider"
87-->[:image_picker_android] AndroidManifest.xml:13:13-74
88            android:exported="false"
88-->[:image_picker_android] AndroidManifest.xml:14:13-37
89            android:grantUriPermissions="true" >
89-->[:image_picker_android] AndroidManifest.xml:15:13-47
90            <meta-data
90-->[:image_picker_android] AndroidManifest.xml:16:13-18:75
91                android:name="android.support.FILE_PROVIDER_PATHS"
91-->[:image_picker_android] AndroidManifest.xml:17:17-67
92                android:resource="@xml/flutter_image_picker_file_paths" />
92-->[:image_picker_android] AndroidManifest.xml:18:17-72
93        </provider> <!-- Trigger Google Play services to install the backported photo picker module. -->
94        <service
94-->[:image_picker_android] AndroidManifest.xml:21:9-33:19
95            android:name="com.google.android.gms.metadata.ModuleDependencies"
95-->[:image_picker_android] AndroidManifest.xml:22:13-78
96            android:enabled="false"
96-->[:image_picker_android] AndroidManifest.xml:23:13-36
97            android:exported="false" >
97-->[:image_picker_android] AndroidManifest.xml:24:13-37
98            <intent-filter>
98-->[:image_picker_android] AndroidManifest.xml:26:13-28:29
99                <action android:name="com.google.android.gms.metadata.MODULE_DEPENDENCIES" />
99-->[:image_picker_android] AndroidManifest.xml:27:17-94
99-->[:image_picker_android] AndroidManifest.xml:27:25-91
100            </intent-filter>
101
102            <meta-data
102-->[:image_picker_android] AndroidManifest.xml:30:13-32:36
103                android:name="photopicker_activity:0:required"
103-->[:image_picker_android] AndroidManifest.xml:31:17-63
104                android:value="" />
104-->[:image_picker_android] AndroidManifest.xml:32:17-33
105        </service>
106
107        <provider
107-->[androidx.work:work-runtime:2.8.1] AndroidManifest.xml:29:9-37:20
108            android:name="androidx.startup.InitializationProvider"
108-->[androidx.work:work-runtime:2.8.1] AndroidManifest.xml:30:13-67
109            android:authorities="com.example.app.androidx-startup"
109-->[androidx.work:work-runtime:2.8.1] AndroidManifest.xml:31:13-68
110            android:exported="false" >
110-->[androidx.work:work-runtime:2.8.1] AndroidManifest.xml:32:13-37
111            <meta-data
111-->[androidx.work:work-runtime:2.8.1] AndroidManifest.xml:34:13-36:52
112                android:name="androidx.work.WorkManagerInitializer"
112-->[androidx.work:work-runtime:2.8.1] AndroidManifest.xml:35:17-68
113                android:value="androidx.startup" />
113-->[androidx.work:work-runtime:2.8.1] AndroidManifest.xml:36:17-49
114            <meta-data
114-->[androidx.emoji2:emoji2:1.2.0] AndroidManifest.xml:29:13-31:52
115                android:name="androidx.emoji2.text.EmojiCompatInitializer"
115-->[androidx.emoji2:emoji2:1.2.0] AndroidManifest.xml:30:17-75
116                android:value="androidx.startup" />
116-->[androidx.emoji2:emoji2:1.2.0] AndroidManifest.xml:31:17-49
117            <meta-data
117-->[androidx.lifecycle:lifecycle-process:2.6.2] AndroidManifest.xml:29:13-31:52
118                android:name="androidx.lifecycle.ProcessLifecycleInitializer"
118-->[androidx.lifecycle:lifecycle-process:2.6.2] AndroidManifest.xml:30:17-78
119                android:value="androidx.startup" />
119-->[androidx.lifecycle:lifecycle-process:2.6.2] AndroidManifest.xml:31:17-49
120            <meta-data
120-->[androidx.profileinstaller:profileinstaller:1.3.1] AndroidManifest.xml:29:13-31:52
121                android:name="androidx.profileinstaller.ProfileInstallerInitializer"
121-->[androidx.profileinstaller:profileinstaller:1.3.1] AndroidManifest.xml:30:17-85
122                android:value="androidx.startup" />
122-->[androidx.profileinstaller:profileinstaller:1.3.1] AndroidManifest.xml:31:17-49
123        </provider>
124
125        <service
125-->[androidx.work:work-runtime:2.8.1] AndroidManifest.xml:39:9-45:35
126            android:name="androidx.work.impl.background.systemalarm.SystemAlarmService"
126-->[androidx.work:work-runtime:2.8.1] AndroidManifest.xml:40:13-88
127            android:directBootAware="false"
127-->[androidx.work:work-runtime:2.8.1] AndroidManifest.xml:41:13-44
128            android:enabled="@bool/enable_system_alarm_service_default"
128-->[androidx.work:work-runtime:2.8.1] AndroidManifest.xml:42:13-72
129            android:exported="false" />
129-->[androidx.work:work-runtime:2.8.1] AndroidManifest.xml:43:13-37
130        <service
130-->[androidx.work:work-runtime:2.8.1] AndroidManifest.xml:46:9-52:35
131            android:name="androidx.work.impl.background.systemjob.SystemJobService"
131-->[androidx.work:work-runtime:2.8.1] AndroidManifest.xml:47:13-84
132            android:directBootAware="false"
132-->[androidx.work:work-runtime:2.8.1] AndroidManifest.xml:48:13-44
133            android:enabled="@bool/enable_system_job_service_default"
133-->[androidx.work:work-runtime:2.8.1] AndroidManifest.xml:49:13-70
134            android:exported="true"
134-->[androidx.work:work-runtime:2.8.1] AndroidManifest.xml:50:13-36
135            android:permission="android.permission.BIND_JOB_SERVICE" />
135-->[androidx.work:work-runtime:2.8.1] AndroidManifest.xml:51:13-69
136        <service
136-->[androidx.work:work-runtime:2.8.1] AndroidManifest.xml:53:9-59:35
137            android:name="androidx.work.impl.foreground.SystemForegroundService"
137-->[androidx.work:work-runtime:2.8.1] AndroidManifest.xml:54:13-81
138            android:directBootAware="false"
138-->[androidx.work:work-runtime:2.8.1] AndroidManifest.xml:55:13-44
139            android:enabled="@bool/enable_system_foreground_service_default"
139-->[androidx.work:work-runtime:2.8.1] AndroidManifest.xml:56:13-77
140            android:exported="false" />
140-->[androidx.work:work-runtime:2.8.1] AndroidManifest.xml:57:13-37
141
142        <receiver
142-->[androidx.work:work-runtime:2.8.1] AndroidManifest.xml:61:9-66:35
143            android:name="androidx.work.impl.utils.ForceStopRunnable$BroadcastReceiver"
143-->[androidx.work:work-runtime:2.8.1] AndroidManifest.xml:62:13-88
144            android:directBootAware="false"
144-->[androidx.work:work-runtime:2.8.1] AndroidManifest.xml:63:13-44
145            android:enabled="true"
145-->[androidx.work:work-runtime:2.8.1] AndroidManifest.xml:64:13-35
146            android:exported="false" />
146-->[androidx.work:work-runtime:2.8.1] AndroidManifest.xml:65:13-37
147        <receiver
147-->[androidx.work:work-runtime:2.8.1] AndroidManifest.xml:67:9-77:20
148            android:name="androidx.work.impl.background.systemalarm.ConstraintProxy$BatteryChargingProxy"
148-->[androidx.work:work-runtime:2.8.1] AndroidManifest.xml:68:13-106
149            android:directBootAware="false"
149-->[androidx.work:work-runtime:2.8.1] AndroidManifest.xml:69:13-44
150            android:enabled="false"
150-->[androidx.work:work-runtime:2.8.1] AndroidManifest.xml:70:13-36
151            android:exported="false" >
151-->[androidx.work:work-runtime:2.8.1] AndroidManifest.xml:71:13-37
152            <intent-filter>
152-->[androidx.work:work-runtime:2.8.1] AndroidManifest.xml:73:13-76:29
153                <action android:name="android.intent.action.ACTION_POWER_CONNECTED" />
153-->[androidx.work:work-runtime:2.8.1] AndroidManifest.xml:74:17-87
153-->[androidx.work:work-runtime:2.8.1] AndroidManifest.xml:74:25-84
154                <action android:name="android.intent.action.ACTION_POWER_DISCONNECTED" />
154-->[androidx.work:work-runtime:2.8.1] AndroidManifest.xml:75:17-90
154-->[androidx.work:work-runtime:2.8.1] AndroidManifest.xml:75:25-87
155            </intent-filter>
156        </receiver>
157        <receiver
157-->[androidx.work:work-runtime:2.8.1] AndroidManifest.xml:78:9-88:20
158            android:name="androidx.work.impl.background.systemalarm.ConstraintProxy$BatteryNotLowProxy"
158-->[androidx.work:work-runtime:2.8.1] AndroidManifest.xml:79:13-104
159            android:directBootAware="false"
159-->[androidx.work:work-runtime:2.8.1] AndroidManifest.xml:80:13-44
160            android:enabled="false"
160-->[androidx.work:work-runtime:2.8.1] AndroidManifest.xml:81:13-36
161            android:exported="false" >
161-->[androidx.work:work-runtime:2.8.1] AndroidManifest.xml:82:13-37
162            <intent-filter>
162-->[androidx.work:work-runtime:2.8.1] AndroidManifest.xml:84:13-87:29
163                <action android:name="android.intent.action.BATTERY_OKAY" />
163-->[androidx.work:work-runtime:2.8.1] AndroidManifest.xml:85:17-77
163-->[androidx.work:work-runtime:2.8.1] AndroidManifest.xml:85:25-74
164                <action android:name="android.intent.action.BATTERY_LOW" />
164-->[androidx.work:work-runtime:2.8.1] AndroidManifest.xml:86:17-76
164-->[androidx.work:work-runtime:2.8.1] AndroidManifest.xml:86:25-73
165            </intent-filter>
166        </receiver>
167        <receiver
167-->[androidx.work:work-runtime:2.8.1] AndroidManifest.xml:89:9-99:20
168            android:name="androidx.work.impl.background.systemalarm.ConstraintProxy$StorageNotLowProxy"
168-->[androidx.work:work-runtime:2.8.1] AndroidManifest.xml:90:13-104
169            android:directBootAware="false"
169-->[androidx.work:work-runtime:2.8.1] AndroidManifest.xml:91:13-44
170            android:enabled="false"
170-->[androidx.work:work-runtime:2.8.1] AndroidManifest.xml:92:13-36
171            android:exported="false" >
171-->[androidx.work:work-runtime:2.8.1] AndroidManifest.xml:93:13-37
172            <intent-filter>
172-->[androidx.work:work-runtime:2.8.1] AndroidManifest.xml:95:13-98:29
173                <action android:name="android.intent.action.DEVICE_STORAGE_LOW" />
173-->[androidx.work:work-runtime:2.8.1] AndroidManifest.xml:96:17-83
173-->[androidx.work:work-runtime:2.8.1] AndroidManifest.xml:96:25-80
174                <action android:name="android.intent.action.DEVICE_STORAGE_OK" />
174-->[androidx.work:work-runtime:2.8.1] AndroidManifest.xml:97:17-82
174-->[androidx.work:work-runtime:2.8.1] AndroidManifest.xml:97:25-79
175            </intent-filter>
176        </receiver>
177        <receiver
177-->[androidx.work:work-runtime:2.8.1] AndroidManifest.xml:100:9-109:20
178            android:name="androidx.work.impl.background.systemalarm.ConstraintProxy$NetworkStateProxy"
178-->[androidx.work:work-runtime:2.8.1] AndroidManifest.xml:101:13-103
179            android:directBootAware="false"
179-->[androidx.work:work-runtime:2.8.1] AndroidManifest.xml:102:13-44
180            android:enabled="false"
180-->[androidx.work:work-runtime:2.8.1] AndroidManifest.xml:103:13-36
181            android:exported="false" >
181-->[androidx.work:work-runtime:2.8.1] AndroidManifest.xml:104:13-37
182            <intent-filter>
182-->[androidx.work:work-runtime:2.8.1] AndroidManifest.xml:106:13-108:29
183                <action android:name="android.net.conn.CONNECTIVITY_CHANGE" />
183-->[androidx.work:work-runtime:2.8.1] AndroidManifest.xml:107:17-79
183-->[androidx.work:work-runtime:2.8.1] AndroidManifest.xml:107:25-76
184            </intent-filter>
185        </receiver>
186        <receiver
186-->[androidx.work:work-runtime:2.8.1] AndroidManifest.xml:110:9-121:20
187            android:name="androidx.work.impl.background.systemalarm.RescheduleReceiver"
187-->[androidx.work:work-runtime:2.8.1] AndroidManifest.xml:111:13-88
188            android:directBootAware="false"
188-->[androidx.work:work-runtime:2.8.1] AndroidManifest.xml:112:13-44
189            android:enabled="false"
189-->[androidx.work:work-runtime:2.8.1] AndroidManifest.xml:113:13-36
190            android:exported="false" >
190-->[androidx.work:work-runtime:2.8.1] AndroidManifest.xml:114:13-37
191            <intent-filter>
191-->[androidx.work:work-runtime:2.8.1] AndroidManifest.xml:116:13-120:29
192                <action android:name="android.intent.action.BOOT_COMPLETED" />
192-->[:background_service] AndroidManifest.xml:29:17-79
192-->[:background_service] AndroidManifest.xml:29:25-76
193                <action android:name="android.intent.action.TIME_SET" />
193-->[androidx.work:work-runtime:2.8.1] AndroidManifest.xml:118:17-73
193-->[androidx.work:work-runtime:2.8.1] AndroidManifest.xml:118:25-70
194                <action android:name="android.intent.action.TIMEZONE_CHANGED" />
194-->[androidx.work:work-runtime:2.8.1] AndroidManifest.xml:119:17-81
194-->[androidx.work:work-runtime:2.8.1] AndroidManifest.xml:119:25-78
195            </intent-filter>
196        </receiver>
197        <receiver
197-->[androidx.work:work-runtime:2.8.1] AndroidManifest.xml:122:9-131:20
198            android:name="androidx.work.impl.background.systemalarm.ConstraintProxyUpdateReceiver"
198-->[androidx.work:work-runtime:2.8.1] AndroidManifest.xml:123:13-99
199            android:directBootAware="false"
199-->[androidx.work:work-runtime:2.8.1] AndroidManifest.xml:124:13-44
200            android:enabled="@bool/enable_system_alarm_service_default"
200-->[androidx.work:work-runtime:2.8.1] AndroidManifest.xml:125:13-72
201            android:exported="false" >
201-->[androidx.work:work-runtime:2.8.1] AndroidManifest.xml:126:13-37
202            <intent-filter>
202-->[androidx.work:work-runtime:2.8.1] AndroidManifest.xml:128:13-130:29
203                <action android:name="androidx.work.impl.background.systemalarm.UpdateProxies" />
203-->[androidx.work:work-runtime:2.8.1] AndroidManifest.xml:129:17-98
203-->[androidx.work:work-runtime:2.8.1] AndroidManifest.xml:129:25-95
204            </intent-filter>
205        </receiver>
206        <receiver
206-->[androidx.work:work-runtime:2.8.1] AndroidManifest.xml:132:9-142:20
207            android:name="androidx.work.impl.diagnostics.DiagnosticsReceiver"
207-->[androidx.work:work-runtime:2.8.1] AndroidManifest.xml:133:13-78
208            android:directBootAware="false"
208-->[androidx.work:work-runtime:2.8.1] AndroidManifest.xml:134:13-44
209            android:enabled="true"
209-->[androidx.work:work-runtime:2.8.1] AndroidManifest.xml:135:13-35
210            android:exported="true"
210-->[androidx.work:work-runtime:2.8.1] AndroidManifest.xml:136:13-36
211            android:permission="android.permission.DUMP" >
211-->[androidx.work:work-runtime:2.8.1] AndroidManifest.xml:137:13-57
212            <intent-filter>
212-->[androidx.work:work-runtime:2.8.1] AndroidManifest.xml:139:13-141:29
213                <action android:name="androidx.work.diagnostics.REQUEST_DIAGNOSTICS" />
213-->[androidx.work:work-runtime:2.8.1] AndroidManifest.xml:140:17-88
213-->[androidx.work:work-runtime:2.8.1] AndroidManifest.xml:140:25-85
214            </intent-filter>
215        </receiver>
216
217        <uses-library
217-->[androidx.window:window:1.0.0-beta04] AndroidManifest.xml:25:9-27:40
218            android:name="androidx.window.extensions"
218-->[androidx.window:window:1.0.0-beta04] AndroidManifest.xml:26:13-54
219            android:required="false" />
219-->[androidx.window:window:1.0.0-beta04] AndroidManifest.xml:27:13-37
220        <uses-library
220-->[androidx.window:window:1.0.0-beta04] AndroidManifest.xml:28:9-30:40
221            android:name="androidx.window.sidecar"
221-->[androidx.window:window:1.0.0-beta04] AndroidManifest.xml:29:13-51
222            android:required="false" />
222-->[androidx.window:window:1.0.0-beta04] AndroidManifest.xml:30:13-37
223
224        <service
224-->[androidx.room:room-runtime:2.5.0] AndroidManifest.xml:24:9-28:63
225            android:name="androidx.room.MultiInstanceInvalidationService"
225-->[androidx.room:room-runtime:2.5.0] AndroidManifest.xml:25:13-74
226            android:directBootAware="true"
226-->[androidx.room:room-runtime:2.5.0] AndroidManifest.xml:26:13-43
227            android:exported="false" />
227-->[androidx.room:room-runtime:2.5.0] AndroidManifest.xml:27:13-37
228
229        <receiver
229-->[androidx.profileinstaller:profileinstaller:1.3.1] AndroidManifest.xml:34:9-52:20
230            android:name="androidx.profileinstaller.ProfileInstallReceiver"
230-->[androidx.profileinstaller:profileinstaller:1.3.1] AndroidManifest.xml:35:13-76
231            android:directBootAware="false"
231-->[androidx.profileinstaller:profileinstaller:1.3.1] AndroidManifest.xml:36:13-44
232            android:enabled="true"
232-->[androidx.profileinstaller:profileinstaller:1.3.1] AndroidManifest.xml:37:13-35
233            android:exported="true"
233-->[androidx.profileinstaller:profileinstaller:1.3.1] AndroidManifest.xml:38:13-36
234            android:permission="android.permission.DUMP" >
234-->[androidx.profileinstaller:profileinstaller:1.3.1] AndroidManifest.xml:39:13-57
235            <intent-filter>
235-->[androidx.profileinstaller:profileinstaller:1.3.1] AndroidManifest.xml:40:13-42:29
236                <action android:name="androidx.profileinstaller.action.INSTALL_PROFILE" />
236-->[androidx.profileinstaller:profileinstaller:1.3.1] AndroidManifest.xml:41:17-91
236-->[androidx.profileinstaller:profileinstaller:1.3.1] AndroidManifest.xml:41:25-88
237            </intent-filter>
238            <intent-filter>
238-->[androidx.profileinstaller:profileinstaller:1.3.1] AndroidManifest.xml:43:13-45:29
239                <action android:name="androidx.profileinstaller.action.SKIP_FILE" />
239-->[androidx.profileinstaller:profileinstaller:1.3.1] AndroidManifest.xml:44:17-85
239-->[androidx.profileinstaller:profileinstaller:1.3.1] AndroidManifest.xml:44:25-82
240            </intent-filter>
241            <intent-filter>
241-->[androidx.profileinstaller:profileinstaller:1.3.1] AndroidManifest.xml:46:13-48:29
242                <action android:name="androidx.profileinstaller.action.SAVE_PROFILE" />
242-->[androidx.profileinstaller:profileinstaller:1.3.1] AndroidManifest.xml:47:17-88
242-->[androidx.profileinstaller:profileinstaller:1.3.1] AndroidManifest.xml:47:25-85
243            </intent-filter>
244            <intent-filter>
244-->[androidx.profileinstaller:profileinstaller:1.3.1] AndroidManifest.xml:49:13-51:29
245                <action android:name="androidx.profileinstaller.action.BENCHMARK_OPERATION" />
245-->[androidx.profileinstaller:profileinstaller:1.3.1] AndroidManifest.xml:50:17-95
245-->[androidx.profileinstaller:profileinstaller:1.3.1] AndroidManifest.xml:50:25-92
246            </intent-filter>
247        </receiver>
248    </application>
249
250</manifest>